<?xml version="1.0" encoding="UTF-8"?>
<testsuite xmlns:xsi="http://www.w3.org/2001/XMLSchema-instance" xsi:noNamespaceSchemaLocation="https://maven.apache.org/surefire/maven-surefire-plugin/xsd/surefire-test-report-3.0.xsd" version="3.0" name="com.learning.simpleWebApp.SimpleWebAppApplicationTests" time="2.438" tests="1" errors="0" skipped="0" failures="0">
  <properties>
[...]
</properties>
  <testcase name="contextLoads" classname="com.learning.simpleWebApp.SimpleWebAppApplicationTests" time="0.791">
    <system-out><![CDATA[12:37:22.181 [main] INFO org.springframework.test.context.support.AnnotationConfigContextLoaderUtils -- Could not detect default configuration classes for test class [com.learning.simpleWebApp.SimpleWebAppApplicationTests]: SimpleWebAppApplicationTests does not declare any static, non-private, non-final, nested classes annotated with @Configuration.
12:37:22.271 [main] INFO org.springframework.boot.test.context.SpringBootTestContextBootstrapper -- Found @SpringBootConfiguration com.learning.simpleWebApp.SimpleWebAppApplication for test class com.learning.simpleWebApp.SimpleWebAppApplicationTests
12:37:22.403 [main] INFO org.springframework.boot.devtools.restart.RestartApplicationListener -- Restart disabled due to context in which it is running

  .   ____          _            __ _ _
 /\\ / ___'_ __ _ _(_)_ __  __ _ \ \ \ \
( ( )\___ | '_ | '_| | '_ \/ _` | \ \ \ \
 \\/  ___)| |_)| | | | | || (_| |  ) ) ) )
  '  |____| .__|_| |_|_| |_\__, | / / / /
 =========|_|==============|___/=/_/_/_/

 :: Spring Boot ::                (v3.3.4)

2024-10-22T12:37:22.602+05:30  INFO 17388 --- [simpleWebApp] [           main] c.l.s.SimpleWebAppApplicationTests       : Starting SimpleWebAppApplicationTests using Java 17.0.10 with PID 17388 (started by Mayur.V in D:\xyz\rough\simpleWebApp)
2024-10-22T12:37:22.604+05:30  INFO 17388 --- [simpleWebApp] [           main] c.l.s.SimpleWebAppApplicationTests       : No active profile set, falling back to 1 default profile: "default"
2024-10-22T12:37:23.646+05:30  INFO 17388 --- [simpleWebApp] [           main] c.l.s.SimpleWebAppApplicationTests       : Started SimpleWebAppApplicationTests in 1.253 seconds (process running for 2.285)
]]></system-out>
  </testcase>
</testsuite>